<?xml version="1.0" encoding="UTF-8"?>
<!-- Generated by org.testng.reporters.JUnitXMLReporter -->
<testsuite ignored="0" hostname="Delulu" failures="0" tests="3" name="Surefire test" time="0.024" errors="0" timestamp="2026-03-16T16:14:55 IST">
  <testcase classname="test_calc.CalculatorTest" name="testAddition" time="0.003"/>
  <testcase classname="test_calc.CalculatorTest" name="testMultiplication" time="0.0"/>
  <testcase classname="test_calc.CalculatorTest" name="testSubtraction" time="0.0"/>
</testsuite> <!-- Surefire test -->
