<?xml version="1.0" encoding="UTF-8"?>
<testng-results ignored="0" total="3" passed="3" failed="0" skipped="0">
  <reporter-output>
  </reporter-output>
  <suite started-at="2026-03-16T16:14:55 IST" name="Surefire suite" finished-at="2026-03-16T16:14:55 IST" duration-ms="24">
    <groups>
    </groups>
    <test started-at="2026-03-16T16:14:55 IST" name="Surefire test" finished-at="2026-03-16T16:14:55 IST" duration-ms="24">
      <class name="test_calc.CalculatorTest">
        <test-method signature="testAddition()[pri:0, instance:test_calc.CalculatorTest@4b9e255]" started-at="2026-03-16T16:14:55 IST" name="testAddition" finished-at="2026-03-16T16:14:55 IST" duration-ms="3" status="PASS">
          <reporter-output>
          </reporter-output>
        </test-method> <!-- testAddition -->
        <test-method signature="testMultiplication()[pri:0, instance:test_calc.CalculatorTest@4b9e255]" started-at="2026-03-16T16:14:55 IST" name="testMultiplication" finished-at="2026-03-16T16:14:55 IST" duration-ms="0" status="PASS">
          <reporter-output>
          </reporter-output>
        </test-method> <!-- testMultiplication -->
        <test-method signature="testSubtraction()[pri:0, instance:test_calc.CalculatorTest@4b9e255]" started-at="2026-03-16T16:14:55 IST" name="testSubtraction" finished-at="2026-03-16T16:14:55 IST" duration-ms="0" status="PASS">
          <reporter-output>
          </reporter-output>
        </test-method> <!-- testSubtraction -->
      </class> <!-- test_calc.CalculatorTest -->
    </test> <!-- Surefire test -->
  </suite> <!-- Surefire suite -->
</testng-results>
