<?xml version="1.0" encoding="UTF-8"?>
<!-- Generated by org.testng.reporters.JUnitReportReporter -->
<testsuite hostname="Delulu" failures="0" tests="3" name="test_calc.CalculatorTest" time="0.003" errors="0" timestamp="2026-03-16T16:14:55 IST" skipped="0">
  <testcase classname="test_calc.CalculatorTest" name="testSubtraction" time="0.000"/>
  <testcase classname="test_calc.CalculatorTest" name="testMultiplication" time="0.000"/>
  <testcase classname="test_calc.CalculatorTest" name="testAddition" time="0.003"/>
</testsuite> <!-- test_calc.CalculatorTest -->
